This file contains any messages produced by compilers while
running configure, to aid debugging if configure makes a mistake.

It was created by giflib configure 5.0.4, which was
generated by GNU Autoconf 2.68.  Invocation command line was

  $ ./configure 

## --------- ##
## Platform. ##
## --------- ##

hostname = Damody-PC
uname -m = i686
uname -r = 1.0.17(0.48/3/2)
uname -s = MINGW32_NT-6.1
uname -v = 2011-04-24 23:39

/usr/bin/uname -p = unknown
/bin/uname -X     = unknown

/bin/arch              = unknown
/usr/bin/arch -k       = unknown
/usr/convex/getsysinfo = unknown
/usr/bin/hostinfo      = unknown
/bin/machine           = unknown
/usr/bin/oslevel       = unknown
/bin/universe          = unknown

PATH: .
PATH: /usr/local/bin
PATH: /mingw/bin
PATH: /bin
PATH: /c/行動500G/PortableApps/MacTray 20120406 Candy Win7use/MacType/
PATH: /c/Program Files/Common Files/Microsoft Shared/Windows Live
PATH: /c/Program Files (x86)/Common Files/Microsoft Shared/Windows Live
PATH: /c/Program Files (x86)/Intel/iCLS Client/
PATH: /c/Program Files/Intel/iCLS Client/
PATH: /c/Windows/system32
PATH: /c/Windows
PATH: /c/Windows/System32/Wbem
PATH: /c/Windows/System32/WindowsPowerShell/v1.0/
PATH: /c/Program Files/Intel/Intel(R) Management Engine Components/DAL
PATH: /c/Program Files/Intel/Intel(R) Management Engine Components/IPT
PATH: /c/Program Files (x86)/Intel/Intel(R) Management Engine Components/DAL
PATH: /c/Program Files (x86)/Intel/Intel(R) Management Engine Components/IPT
PATH: /c/Program Files (x86)/Microsoft SQL Server/100/Tools/Binn/
PATH: /c/Program Files/Microsoft SQL Server/100/Tools/Binn/
PATH: /c/Program Files/Microsoft SQL Server/100/DTS/Binn/
PATH: /c/Program Files (x86)/Microsoft SQL Server/90/Tools/binn/
PATH: /c/Program Files (x86)/Windows Kits/8.0/Windows Performance Toolkit/
PATH: /c/Program Files/Microsoft SQL Server/110/Tools/Binn/
PATH: /c/Program Files (x86)/Windows Live/Shared
PATH: /c/Program Files/TortoiseGit/bin
PATH: /c/行動500G/PortableApps/MacTray 20120406 Candy Win7use/MacType


## ----------- ##
## Core tests. ##
## ----------- ##

configure:2235: checking for a BSD-compatible install
configure:2303: result: /bin/install -c
configure:2314: checking whether build environment is sane
configure:2364: result: yes
configure:2505: checking for a thread-safe mkdir -p
configure:2544: result: /bin/mkdir -p
configure:2557: checking for gawk
configure:2573: found /bin/gawk
configure:2584: result: gawk
configure:2595: checking whether make sets $(MAKE)
configure:2617: result: yes
configure:2708: checking whether make supports nested variables
configure:2725: result: yes
configure:2769: checking build system type
configure:2783: result: i686-pc-mingw32
configure:2803: checking host system type
configure:2816: result: i686-pc-mingw32
configure:2857: checking how to print strings
configure:2884: result: printf
configure:2917: checking for style of include used by make
configure:2945: result: GNU
configure:3016: checking for gcc
configure:3032: found /bin/gcc
configure:3043: result: gcc
configure:3272: checking for C compiler version
configure:3281: gcc --version >&5
gcc.exe (rubenvb-4.7.2-release) 4.7.2
Copyright (C) 2012 Free Software Foundation, Inc.
This is free software; see the source for copying conditions.  There is NO
warranty; not even for MERCHANTABILITY or FITNESS FOR A PARTICULAR PURPOSE.

configure:3292: $? = 0
configure:3281: gcc -v >&5
Using built-in specs.
COLLECT_GCC=C:\mingw\msys\bin\gcc.exe
Target: x86_64-w64-mingw32
Configured with: /home/ruben/mingw-w64/src/gcc/configure --host=i686-w64-mingw32 --build=x86_64-linux-gnu --target=x86_64-w64-mingw32 --with-sysroot=/home/ruben/mingw-w64/mingw32mingw64/mingw64 --prefix=/home/ruben/mingw-w64/mingw32mingw64/mingw64 --with-gmp=/home/ruben/mingw-w64/prereq/i686-w64-mingw32/install --with-mpfr=/home/ruben/mingw-w64/prereq/i686-w64-mingw32/install --with-mpc=/home/ruben/mingw-w64/prereq/i686-w64-mingw32/install --with-ppl=/home/ruben/mingw-w64/prereq/i686-w64-mingw32/install --with-cloog=/home/ruben/mingw-w64/prereq/i686-w64-mingw32/install --disable-ppl-version-check --disable-cloog-version-check --enable-cloog-backend=isl --with-host-libstdcxx='-static -lstdc++ -lm' --enable-shared --enable-static --enable-threads=win32 --enable-plugins --disable-multilib --enable-languages=c,lto,c++,objc,obj-c++,fortran,java --enable-libgomp --enable-fully-dynamic-string --enable-libstdcxx-time --disable-nls --disable-werror --enable-checking=release --with-gnu-as --with-gnu-ld --disable-win32-registry --disable-rpath --disable-werror --with-libiconv-prefix=/home/ruben/mingw-w64/prereq/i686-w64-mingw32/install --with-pkgversion=rubenvb-4.7.2-release --with-bugurl=mingw-w64-public@lists.sourceforge.net CC= CFLAGS='-O2 -march=nocona -mtune=core2 -fomit-frame-pointer -momit-leaf-frame-pointer' LDFLAGS=' -Wl,--large-address-aware'
Thread model: win32
gcc version 4.7.2 (rubenvb-4.7.2-release) 
configure:3292: $? = 0
configure:3281: gcc -V >&5
gcc.exe: error: unrecognized command line option '-V'
gcc.exe: fatal error: no input files
compilation terminated.
configure:3292: $? = 1
configure:3281: gcc -qversion >&5
gcc.exe: error: unrecognized command line option '-qversion'
gcc.exe: fatal error: no input files
compilation terminated.
configure:3292: $? = 1
configure:3312: checking whether the C compiler works
configure:3334: gcc    conftest.c  >&5
gcc.exe: error: CreateProcess: No such file or directory
configure:3338: $? = 1
configure:3376: result: no
configure: failed program was:
| /* confdefs.h */
| #define PACKAGE_NAME "giflib"
| #define PACKAGE_TARNAME "giflib"
| #define PACKAGE_VERSION "5.0.4"
| #define PACKAGE_STRING "giflib 5.0.4"
| #define PACKAGE_BUGREPORT "esr@thyrsus.com"
| #define PACKAGE_URL ""
| #define PACKAGE "giflib"
| #define VERSION "5.0.4"
| /* end confdefs.h.  */
| 
| int
| main ()
| {
| 
|   ;
|   return 0;
| }
configure:3381: error: in `/c/clibrary/giflib-5.0.4':
configure:3383: error: C compiler cannot create executables
See `config.log' for more details

## ---------------- ##
## Cache variables. ##
## ---------------- ##

ac_cv_build=i686-pc-mingw32
ac_cv_env_CC_set=
ac_cv_env_CC_value=
ac_cv_env_CFLAGS_set=
ac_cv_env_CFLAGS_value=
ac_cv_env_CPPFLAGS_set=
ac_cv_env_CPPFLAGS_value=
ac_cv_env_CPP_set=
ac_cv_env_CPP_value=
ac_cv_env_LDFLAGS_set=
ac_cv_env_LDFLAGS_value=
ac_cv_env_LIBS_set=
ac_cv_env_LIBS_value=
ac_cv_env_build_alias_set=
ac_cv_env_build_alias_value=
ac_cv_env_host_alias_set=
ac_cv_env_host_alias_value=
ac_cv_env_target_alias_set=
ac_cv_env_target_alias_value=
ac_cv_host=i686-pc-mingw32
ac_cv_path_install='/bin/install -c'
ac_cv_path_mkdir=/bin/mkdir
ac_cv_prog_AWK=gawk
ac_cv_prog_ac_ct_CC=gcc
ac_cv_prog_make_make_set=yes
am_cv_make_support_nested_variables=yes

## ----------------- ##
## Output variables. ##
## ----------------- ##

ACLOCAL='${SHELL} /c/clibrary/giflib-5.0.4/missing --run aclocal-1.11'
AMDEPBACKSLASH='\'
AMDEP_FALSE='#'
AMDEP_TRUE=''
AMTAR='$${TAR-tar}'
AM_BACKSLASH='\'
AM_DEFAULT_V='$(AM_DEFAULT_VERBOSITY)'
AM_DEFAULT_VERBOSITY='0'
AM_V='$(V)'
AR=''
AUTOCONF='${SHELL} /c/clibrary/giflib-5.0.4/missing --run autoconf'
AUTOHEADER='${SHELL} /c/clibrary/giflib-5.0.4/missing --run autoheader'
AUTOMAKE='${SHELL} /c/clibrary/giflib-5.0.4/missing --run automake-1.11'
AWK='gawk'
BUILD_DOC_FALSE=''
BUILD_DOC_TRUE=''
CC='gcc'
CCDEPMODE=''
CFLAGS=''
CPP=''
CPPFLAGS=''
CYGPATH_W='echo'
DEFS=''
DEPDIR='.deps'
DLLTOOL=''
DSYMUTIL=''
DUMPBIN=''
ECHO_C=''
ECHO_N='-n'
ECHO_T=''
EGREP=''
EXEEXT=''
FGREP=''
GREP=''
INSTALL_DATA='${INSTALL} -m 644'
INSTALL_PROGRAM='${INSTALL}'
INSTALL_SCRIPT='${INSTALL}'
INSTALL_STRIP_PROGRAM='$(install_sh) -c -s'
LD=''
LDFLAGS=''
LIBOBJS=''
LIBS=''
LIBTOOL=''
LIPO=''
LN_S=''
LTLIBOBJS=''
MAKEINFO='${SHELL} /c/clibrary/giflib-5.0.4/missing --run makeinfo'
MANIFEST_TOOL=''
MKDIR_P='/bin/mkdir -p'
NM=''
NMEDIT=''
OBJDUMP=''
OBJEXT=''
OTOOL64=''
OTOOL=''
PACKAGE='giflib'
PACKAGE_BUGREPORT='esr@thyrsus.com'
PACKAGE_NAME='giflib'
PACKAGE_STRING='giflib 5.0.4'
PACKAGE_TARNAME='giflib'
PACKAGE_URL=''
PACKAGE_VERSION='5.0.4'
PATH_SEPARATOR=':'
RANLIB=''
SED=''
SET_MAKE=''
SHELL='/bin/sh'
SHLIBVERSION=''
STRIP=''
VERSION='5.0.4'
ac_ct_AR=''
ac_ct_CC='gcc'
ac_ct_DUMPBIN=''
am__EXEEXT_FALSE=''
am__EXEEXT_TRUE=''
am__fastdepCC_FALSE=''
am__fastdepCC_TRUE=''
am__include='include'
am__isrc=''
am__leading_dot='.'
am__nodep='_no'
am__quote=''
am__tar='$${TAR-tar} chof - "$$tardir"'
am__untar='$${TAR-tar} xf -'
bindir='${exec_prefix}/bin'
build='i686-pc-mingw32'
build_alias=''
build_cpu='i686'
build_os='mingw32'
build_vendor='pc'
datadir='${datarootdir}'
datarootdir='${prefix}/share'
docdir='${datarootdir}/doc/${PACKAGE_TARNAME}'
dvidir='${docdir}'
exec_prefix='NONE'
have_xmlto=''
host='i686-pc-mingw32'
host_alias=''
host_cpu='i686'
host_os='mingw32'
host_vendor='pc'
htmldir='${docdir}'
includedir='${prefix}/include'
infodir='${datarootdir}/info'
install_sh='${SHELL} /c/clibrary/giflib-5.0.4/install-sh'
libdir='${exec_prefix}/lib'
libexecdir='${exec_prefix}/libexec'
localedir='${datarootdir}/locale'
localstatedir='${prefix}/var'
mandir='${datarootdir}/man'
mkdir_p='/bin/mkdir -p'
oldincludedir='/usr/include'
pdfdir='${docdir}'
prefix='NONE'
program_transform_name='s,x,x,'
psdir='${docdir}'
sbindir='${exec_prefix}/sbin'
sharedstatedir='${prefix}/com'
sysconfdir='${prefix}/etc'
target_alias=''

## ----------- ##
## confdefs.h. ##
## ----------- ##

/* confdefs.h */
#define PACKAGE_NAME "giflib"
#define PACKAGE_TARNAME "giflib"
#define PACKAGE_VERSION "5.0.4"
#define PACKAGE_STRING "giflib 5.0.4"
#define PACKAGE_BUGREPORT "esr@thyrsus.com"
#define PACKAGE_URL ""
#define PACKAGE "giflib"
#define VERSION "5.0.4"

configure: exit 77
